2024-05-03T20:46:48.108Z - Server is running on http://localhost:3000 
2024-05-03T20:46:55.321Z - Home Page Accessed 
2024-05-03T20:48:09.856Z - Home Page Accessed 
2024-05-03T20:48:27.912Z - Home Page Accessed 
2024-05-03T20:48:28.507Z - 19.5 [175.65625]
2024-05-03T20:49:29.950Z - Home Page Accessed 
2024-05-03T20:49:30.853Z - 19.5 [175.65625]
2024-05-03T20:50:38.443Z - Home Page Accessed 
2024-05-03T20:50:38.808Z - 19.5 [175.65625]
2024-05-03T20:50:43.742Z - Home Page Accessed 
2024-05-03T20:50:44.043Z - Home Page Accessed 
2024-05-03T20:50:44.318Z - 19.5 [175.65625]
2024-05-03T20:51:05.386Z - Home Page Accessed 
2024-05-03T20:51:06.115Z - 19.5 [175.65625]
2024-05-03T20:51:52.033Z - Home Page Accessed 
2024-05-03T20:51:52.512Z - 19.5 [175.65625]
2024-05-03T20:52:14.778Z - Home Page Accessed 
2024-05-03T20:52:15.273Z - 19.5 [175.65625]
2024-05-03T20:53:02.916Z - Home Page Accessed 
2024-05-03T20:53:03.541Z - 19.5 [175.65625]
2024-05-03T20:53:11.408Z - Home Page Accessed 
2024-05-03T20:53:11.698Z - 19.5 [175.65625]
2024-05-03T21:03:20.547Z - Home Page Accessed 
2024-05-03T21:03:21.401Z - 19.5 [175.65625]
2024-05-03T21:08:33.749Z - Home Page Accessed 
2024-05-03T21:08:34.667Z - 19.5 [175.65625]
2024-05-03T21:11:10.577Z - Home Page Accessed 
2024-05-03T21:11:12.571Z - 19.5 [175.65625]
2024-05-03T21:11:38.134Z - Home Page Accessed 
2024-05-03T21:11:38.772Z - 19.5 [175.65625]
2024-05-03T21:11:42.939Z - Home Page Accessed 
2024-05-03T21:11:43.493Z - 19.5 [175.65625]
2024-05-03T21:12:14.632Z - Home Page Accessed 
2024-05-03T21:12:16.020Z - 19.5 [175.65625]
2024-05-03T21:12:27.867Z - Home Page Accessed 
2024-05-03T21:12:29.444Z - 19.5 [175.65625]
2024-05-03T21:13:08.404Z - Home Page Accessed 
2024-05-03T21:13:09.011Z - 19.5 [175.65625]
2024-05-03T21:13:16.764Z - Home Page Accessed 
2024-05-03T21:13:17.307Z - 19.5 [175.65625]
2024-05-03T21:14:18.794Z - Home Page Accessed 
2024-05-03T21:14:19.400Z - 19.5 [175.65625]
2024-05-03T21:15:16.064Z - Home Page Accessed 
2024-05-03T21:15:16.714Z - 19.5 [175.65625]
2024-05-03T21:15:43.460Z - Home Page Accessed 
2024-05-03T21:15:44.127Z - 19.5 [175.65625]
2024-05-03T21:15:52.197Z - Home Page Accessed 
2024-05-03T21:15:52.759Z - 19.5 [175.65625]
2024-05-03T21:16:43.458Z - Home Page Accessed 
2024-05-03T21:16:44.160Z - 19.5 [175.65625]
2024-05-03T21:17:55.103Z - Home Page Accessed 
2024-05-03T21:17:55.951Z - 19.5 [175.65625]
2024-05-03T21:18:06.092Z - Home Page Accessed 
2024-05-03T21:18:07.696Z - 19.5 [175.65625]
2024-05-03T21:18:15.759Z - Home Page Accessed 
2024-05-03T21:18:15.925Z - Home Page Accessed 
2024-05-03T21:18:17.316Z - 19.5 [175.65625]
2024-05-03T21:18:31.260Z - Home Page Accessed 
2024-05-03T21:18:32.198Z - 19.5 [175.65625]
2024-05-03T21:18:56.359Z - Home Page Accessed 
2024-05-03T21:18:56.859Z - 19.5 [175.65625]
2024-05-03T21:29:26.770Z - Home Page Accessed 
2024-05-03T21:29:27.567Z - 19.5 [175.65625]
2024-05-03T21:29:39.264Z - Home Page Accessed 
2024-05-03T21:29:39.713Z - 19.5 [175.65625]
2024-05-03T21:30:42.400Z - Home Page Accessed 
2024-05-03T21:30:46.721Z - 19.5 [175.65625]
2024-05-03T21:31:01.430Z - Home Page Accessed 
2024-05-03T21:31:04.235Z - 19.5 [175.65625]
2024-05-03T21:31:17.894Z - Home Page Accessed 
2024-05-03T21:31:21.659Z - 19.5 [175.65625]
2024-05-03T21:31:27.397Z - Home Page Accessed 
2024-05-03T21:31:31.061Z - 19.5 [175.65625]
2024-05-03T21:31:41.326Z - Home Page Accessed 
2024-05-03T21:31:45.192Z - 19.5 [175.65625]
2024-05-03T21:32:41.267Z - Home Page Accessed 
2024-05-03T21:32:42.055Z - 19.5 [175.65625]
2024-05-03T21:32:52.129Z - Home Page Accessed 
2024-05-03T21:32:52.880Z - 19.5 [175.65625]
2024-05-03T21:33:05.400Z - Home Page Accessed 
2024-05-03T21:33:06.517Z - 18.5 [176.2734375]
2024-05-03T21:33:15.592Z - Home Page Accessed 
2024-05-03T21:33:16.479Z - 19.5 [175.65625]
2024-05-03T21:33:27.128Z - Home Page Accessed 
2024-05-03T21:33:28.014Z - 18 [176.2734375]
2024-05-03T21:33:50.295Z - Home Page Accessed 
2024-05-03T21:33:51.762Z - 18 [176.2734375]
2024-05-03T21:34:56.872Z - Home Page Accessed 
2024-05-03T21:34:57.799Z - 18 [176.2734375]
2024-05-03T21:35:11.659Z - Home Page Accessed 
2024-05-03T21:35:12.323Z - 18 [176.2734375]
2024-05-03T21:36:37.903Z - Home Page Accessed 
2024-05-03T21:36:38.584Z - 18 [176.2734375]
2024-05-03T21:36:58.435Z - Home Page Accessed 
2024-05-03T21:36:59.107Z - 18 [176.2734375]
2024-05-03T21:37:24.962Z - Home Page Accessed 
2024-05-03T21:37:25.878Z - 18 [176.2734375]
2024-05-03T21:37:31.425Z - Home Page Accessed 
2024-05-03T21:37:32.126Z - 18 [176.2734375]
2024-05-03T21:37:48.525Z - Home Page Accessed 
2024-05-03T21:37:48.983Z - 18 [176.2734375]
2024-05-03T21:37:59.333Z - Home Page Accessed 
2024-05-03T21:37:59.733Z - 18 [176.2734375]
2024-05-03T21:39:15.572Z - Home Page Accessed 
2024-05-03T21:39:16.594Z - 18 [176.2734375]
2024-05-03T21:39:49.839Z - Home Page Accessed 
2024-05-03T21:39:50.368Z - 18 [176.2734375]
2024-05-03T21:40:01.285Z - Home Page Accessed 
2024-05-03T21:40:01.834Z - 18 [176.2734375]
2024-05-03T21:40:24.279Z - Home Page Accessed 
2024-05-03T21:40:25.796Z - 18 [176.2734375]
2024-05-03T21:41:04.327Z - Home Page Accessed 
2024-05-03T21:41:05.931Z - 18 [176.2734375]
2024-05-03T21:41:27.960Z - Home Page Accessed 
2024-05-03T21:41:28.533Z - Home Page Accessed 
2024-05-03T21:41:28.874Z - 18 [176.2734375]
2024-05-03T21:42:23.172Z - Home Page Accessed 
2024-05-03T21:42:24.293Z - 18 [176.2734375]
2024-05-03T21:42:42.459Z - Home Page Accessed 
2024-05-03T21:42:43.201Z - 18 [176.2734375]
2024-05-03T21:42:47.360Z - Home Page Accessed 
2024-05-03T21:42:47.768Z - 18 [176.2734375]
2024-05-03T21:43:02.560Z - Home Page Accessed 
2024-05-03T21:43:03.183Z - 18 [176.2734375]
2024-05-03T21:43:19.861Z - Home Page Accessed 
2024-05-03T21:43:20.493Z - 18 [176.2734375]
2024-05-03T21:43:28.126Z - Home Page Accessed 
2024-05-03T21:43:28.840Z - 18 [176.2734375]
2024-05-03T21:43:32.960Z - Home Page Accessed 
2024-05-03T21:43:33.765Z - 18 [176.2734375]
2024-05-03T21:44:10.605Z - Home Page Accessed 
2024-05-03T21:44:12.158Z - 18 [176.2734375]
2024-05-03T21:44:38.523Z - Open Calendar 
2024-05-03T21:44:42.260Z - 2015 []
2024-05-03T21:44:44.927Z - back-to-all-years []
2024-05-03T21:45:29.896Z - Open Calendar 
2024-05-03T21:46:07.131Z - Open Calendar 
2024-05-03T21:46:13.999Z - Open Calendar 
2024-05-03T21:46:26.337Z - Open Calendar 
2024-05-03T21:47:04.071Z - Open Calendar 
2024-05-03T21:47:13.105Z - Open Calendar 
2024-05-03T21:47:46.277Z - Open Calendar 
2024-05-03T21:47:51.541Z - Open Calendar 
2024-05-03T21:48:51.951Z - Open Calendar 
2024-05-03T21:48:54.977Z - Open Calendar 
2024-05-03T21:49:00.037Z - Open Calendar 
2024-05-03T21:49:12.504Z - Open Calendar 
2024-05-03T21:49:18.104Z - Open Calendar 
2024-05-03T21:49:24.649Z - Open Calendar 
2024-05-03T21:49:31.473Z - Open Calendar 
2024-05-03T21:49:51.518Z - Home Page Accessed 
2024-05-03T21:49:52.352Z - 18 [176.2734375]
2024-05-03T21:50:24.606Z - Home Page Accessed 
2024-05-03T21:50:25.031Z - 18 [176.2734375]
2024-05-03T22:00:02.861Z - Open Calendar 
2024-05-03T22:00:06.376Z - 2022 []
2024-05-03T22:00:08.341Z - back-to-all-years []
